app/build/intermediates/manifest_merge_blame_file/debug/manifest-merger-blame-debug-report.txt
1<?xml version="1.0" encoding="utf-8"?>
2<manifest xmlns:android="http://schemas.android.com/apk/res/android"
3    package="com.example.iitrtimetable"
4    android:versionCode="1"
5    android:versionName="1.0" >
6
7    <uses-sdk
8        android:minSdkVersion="26"
8-->src\main\AndroidManifest.xml
9        android:targetSdkVersion="29" />
9-->src\main\AndroidManifest.xml
10
11    <application
11-->src\main\AndroidManifest.xml:5:5-46:19
12        android:allowBackup="true"
12-->src\main\AndroidManifest.xml:6:9-35
13        android:appComponentFactory="androidx.core.app.CoreComponentFactory"
13-->[androidx.core:core:1.1.0] AndroidManifest.xml:24:18-86
14        android:debuggable="true"
15        android:icon="@mipmap/ic_launcher"
15-->src\main\AndroidManifest.xml:7:9-43
16        android:label="@string/app_name"
16-->src\main\AndroidManifest.xml:8:9-41
17        android:roundIcon="@mipmap/ic_launcher_round"
17-->src\main\AndroidManifest.xml:9:9-54
18        android:supportsRtl="true"
18-->src\main\AndroidManifest.xml:10:9-35
19        android:testOnly="true"
20        android:theme="@style/AppTheme" >
20-->src\main\AndroidManifest.xml:11:9-40
21        <activity
21-->src\main\AndroidManifest.xml:12:9-20:20
22            android:name="com.example.iitrtimetable.Monday"
22-->src\main\AndroidManifest.xml:13:13-35
23            android:label="Monday"
23-->src\main\AndroidManifest.xml:14:13-35
24            android:parentActivityName="com.example.iitrtimetable.Timetable" >
24-->src\main\AndroidManifest.xml:15:13-52
25            <meta-data
25-->src\main\AndroidManifest.xml:16:13-18:52
26                android:name="android.support.TIMETABLE"
26-->src\main\AndroidManifest.xml:17:17-57
27                android:value=".ui.login.Monday" />
27-->src\main\AndroidManifest.xml:18:17-49
28        </activity>
29        <activity
29-->src\main\AndroidManifest.xml:21:9-28:20
30            android:name="com.example.iitrtimetable.Timetable"
30-->src\main\AndroidManifest.xml:22:13-38
31            android:label="Timetable"
31-->src\main\AndroidManifest.xml:23:13-38
32            android:parentActivityName="com.example.iitrtimetable.SecondActivity" >
32-->src\main\AndroidManifest.xml:24:13-57
33            <meta-data
33-->src\main\AndroidManifest.xml:25:13-27:55
34                android:name="android.support.SECOND_ACTIVITY"
34-->src\main\AndroidManifest.xml:26:17-63
35                android:value=".ui.login.Timetable" />
35-->src\main\AndroidManifest.xml:27:17-52
36        </activity>
37        <activity
37-->src\main\AndroidManifest.xml:29:9-36:20
38            android:name="com.example.iitrtimetable.SecondActivity"
38-->src\main\AndroidManifest.xml:30:13-43
39            android:label="@string/activity2_name"
39-->src\main\AndroidManifest.xml:31:13-51
40            android:parentActivityName="com.example.iitrtimetable.ui.login.LoginActivity" >
40-->src\main\AndroidManifest.xml:32:13-65
41            <meta-data
41-->src\main\AndroidManifest.xml:33:13-35:59
42                android:name="android.support.PARENT_ACTIVITY"
42-->src\main\AndroidManifest.xml:34:17-63
43                android:value=".ui.login.LoginActivity" />
43-->src\main\AndroidManifest.xml:35:17-56
44        </activity>
45        <activity
45-->src\main\AndroidManifest.xml:37:9-45:20
46            android:name="com.example.iitrtimetable.ui.login.LoginActivity"
46-->src\main\AndroidManifest.xml:38:13-51
47            android:label="@string/app_name" >
47-->src\main\AndroidManifest.xml:39:13-45
48            <intent-filter>
48-->src\main\AndroidManifest.xml:40:13-44:29
49                <action android:name="android.intent.action.MAIN" />
49-->src\main\AndroidManifest.xml:41:17-69
49-->src\main\AndroidManifest.xml:41:25-66
50
51                <category android:name="android.intent.category.LAUNCHER" />
51-->src\main\AndroidManifest.xml:43:17-77
51-->src\main\AndroidManifest.xml:43:27-74
52            </intent-filter>
53        </activity>
54
55        <provider
55-->[androidx.lifecycle:lifecycle-process:2.1.0] AndroidManifest.xml:23:9-27:43
56            android:name="androidx.lifecycle.ProcessLifecycleOwnerInitializer"
56-->[androidx.lifecycle:lifecycle-process:2.1.0] AndroidManifest.xml:24:13-79
57            android:authorities="com.example.iitrtimetable.lifecycle-process"
57-->[androidx.lifecycle:lifecycle-process:2.1.0] AndroidManifest.xml:25:13-69
58            android:exported="false"
58-->[androidx.lifecycle:lifecycle-process:2.1.0] AndroidManifest.xml:26:13-37
59            android:multiprocess="true" />
59-->[androidx.lifecycle:lifecycle-process:2.1.0] AndroidManifest.xml:27:13-40
60    </application>
61
62</manifest>